<?xml version="1.0" encoding="UTF-8"?>
<!-- Generated by org.testng.reporters.JUnitXMLReporter -->
<testsuite ignored="0" hostname="admin" failures="0" tests="4" name="Default test" time="0.12" errors="0" timestamp="2024-06-07T12:58:17 IST">
  <testcase classname="com.Karban.Karban.Demo55" name="a1" time="0.017"/>
  <testcase classname="com.Karban.Karban.Demo55" name="b2" time="0.006"/>
  <testcase classname="com.Karban.Karban.Demo55" name="c3" time="0.005"/>
  <testcase classname="com.Karban.Karban.Demo55" name="d4" time="0.003"/>
</testsuite> <!-- Default test -->
