<?xml version="1.0" encoding="UTF-8"?>
<testng-results ignored="0" total="4" passed="4" failed="0" skipped="0">
  <reporter-output>
  </reporter-output>
  <suite started-at="2024-06-07T12:58:17 IST" name="Default suite" finished-at="2024-06-07T12:58:17 IST" duration-ms="120">
    <groups>
    </groups>
    <test started-at="2024-06-07T12:58:17 IST" name="Default test" finished-at="2024-06-07T12:58:17 IST" duration-ms="120">
      <class name="com.Karban.Karban.Demo55">
        <test-method signature="a1()[pri:0, instance:com.Karban.Karban.Demo55@1b7cc17c]" started-at="2024-06-07T12:58:17 IST" name="a1" finished-at="2024-06-07T12:58:17 IST" duration-ms="17" status="PASS">
          <reporter-output>
          </reporter-output>
        </test-method> <!-- a1 -->
        <test-method signature="b2()[pri:0, instance:com.Karban.Karban.Demo55@1b7cc17c]" started-at="2024-06-07T12:58:17 IST" name="b2" finished-at="2024-06-07T12:58:17 IST" duration-ms="6" status="PASS">
          <reporter-output>
          </reporter-output>
        </test-method> <!-- b2 -->
        <test-method signature="c3()[pri:0, instance:com.Karban.Karban.Demo55@1b7cc17c]" started-at="2024-06-07T12:58:17 IST" name="c3" finished-at="2024-06-07T12:58:17 IST" duration-ms="5" status="PASS">
          <reporter-output>
          </reporter-output>
        </test-method> <!-- c3 -->
        <test-method signature="d4()[pri:1, instance:com.Karban.Karban.Demo55@1b7cc17c]" started-at="2024-06-07T12:58:17 IST" name="d4" finished-at="2024-06-07T12:58:17 IST" duration-ms="3" status="PASS">
          <reporter-output>
          </reporter-output>
        </test-method> <!-- d4 -->
      </class> <!-- com.Karban.Karban.Demo55 -->
    </test> <!-- Default test -->
  </suite> <!-- Default suite -->
</testng-results>
